<?xml version="1.0" encoding="utf-8"?><testsuites><testsuite name="pytest" errors="0" failures="0" skipped="0" tests="2" time="44.111" timestamp="2021-07-27T11:37:16.739401" hostname="Win7-2019MNTZRK"><testcase classname="test_dir.test_popup.TestPopup" name="test_wait_visit_case" time="30.424" /><testcase classname="test_dir.test_popup.TestPopup" name="test_wait_visit_quality_case" time="13.547" /></testsuite></testsuites>