<?xml version="1.0" encoding="utf-8"?><testsuites><testsuite name="pytest" errors="0" failures="0" skipped="0" tests="1" time="27.834" timestamp="2021-07-22T14:03:10.617625" hostname="zyw"><testcase classname="test_dir.test_popup.TestPopup" name="test_wait_visit_case" time="27.684" /></testsuite></testsuites>