<?xml version="1.0" encoding="utf-8"?><testsuites><testsuite name="pytest" errors="0" failures="0" skipped="0" tests="3" time="94.197" timestamp="2021-08-16T16:17:04.019000" hostname="Win7-2019MNTZRK"><testcase classname="test_dir.test_popup.TestPopup" name="test_popup_show_case" time="29.581" /><testcase classname="test_dir.test_popup.TestPopup" name="test_wait_visit_case" time="30.988" /><testcase classname="test_dir.test_popup.TestPopup" name="test_wait_visit_quality_case" time="33.460" /></testsuite></testsuites>