<?xml version="1.0" encoding="utf-8"?><testsuites><testsuite name="pytest" errors="0" failures="0" skipped="0" tests="2" time="69.299" timestamp="2021-07-27T11:33:26.173401" hostname="Win7-2019MNTZRK"><testcase classname="test_dir.test_popup.TestPopup" name="test_wait_visit_case" time="29.982" /><testcase classname="test_dir.test_popup.TestPopup" name="test_wait_visit_quality_case" time="35.869" /></testsuite></testsuites>