<?xml version="1.0" encoding="utf-8"?><testsuites><testsuite name="pytest" errors="0" failures="0" skipped="0" tests="1" time="39.922" timestamp="2021-08-03T15:19:30.517620" hostname="Win7-2019MNTZRK"><testcase classname="test_dir.test_customer_report.TestCustomerReport" name="test_report_case" time="39.253" /></testsuite></testsuites>