<?xml version="1.0" encoding="utf-8"?><testsuites><testsuite name="pytest" errors="0" failures="0" skipped="0" tests="0" time="0.117" timestamp="2021-07-27T16:20:33.623401" hostname="Win7-2019MNTZRK" /></testsuites>