<?xml version="1.0" encoding="utf-8"?><testsuites><testsuite name="pytest" errors="0" failures="0" skipped="0" tests="4" time="166.884" timestamp="2021-07-29T16:35:09.035846" hostname="Win7-2019MNTZRK"><testcase classname="test_dir.test_customer.TestCustomer" name="test_customer_rank_case[A]" time="42.540" /><testcase classname="test_dir.test_customer.TestCustomer" name="test_customer_rank_case[B]" time="37.870" /><testcase classname="test_dir.test_customer.TestCustomer" name="test_customer_rank_case[C]" time="38.732" /><testcase classname="test_dir.test_customer.TestCustomer" name="test_customer_rank_case[D]" time="47.515" /></testsuite></testsuites>