<?xml version="1.0" encoding="utf-8"?><testsuites><testsuite name="pytest" errors="0" failures="0" skipped="0" tests="4" time="35.410" timestamp="2021-07-20T16:18:54.966095" hostname="Win7-2019MNTZRK"><testcase classname="test_dir.test_login.TestLogin" name="test_login_case[data0]" time="10.940" /><testcase classname="test_dir.test_login.TestLogin" name="test_login_case[data1]" time="8.470" /><testcase classname="test_dir.test_login.TestLogin" name="test_login_case[data2]" time="7.681" /><testcase classname="test_dir.test_login.TestLogin" name="test_login_case[data3]" time="8.189" /></testsuite></testsuites>