<?xml version="1.0" encoding="utf-8"?><testsuites><testsuite name="pytest" errors="0" failures="0" skipped="0" tests="1" time="76.075" timestamp="2021-07-22T08:30:01.808532" hostname="Win7-2019MNTZRK"><testcase classname=".TestPopup" name="test_wait_visit_case" time="75.900" /></testsuite></testsuites>