<?xml version="1.0" encoding="utf-8"?><testsuites><testsuite name="pytest" errors="0" failures="1" skipped="0" tests="1" time="61.724" timestamp="2021-08-03T08:30:01.342620" hostname="Win7-2019MNTZRK"><testcase classname=".TestOffer" name="test_offer_show_case" time="58.075"><failure message="selenium.common.exceptions.ElementClickInterceptedException: Message: element click intercepted: Element is not clickable at point (-125, 317)&#10;  (Session info: chrome=91.0.4472.114)">self = &lt;test_dir.test_offer.TestOffer object at 0x0000000003AE9E80&gt;
browser = &lt;selenium.webdriver.chrome.webdriver.WebDriver (session="ea0e187edbe6150a1dc8b34115f6992b")&gt;
base_url = 'http://newtest.elinkbuy.cn'

    def test_offer_show_case(self, browser, base_url):
        """
        验证报价页面是否正常打开
        点击添加验证价格列表页面是否能正常打开
        """
        self.login(browser, base_url)
        page = OfferPage(browser)
        flag = self.close_layer()  # 关闭弹层
        if flag:
&gt;           self.customer_menu()  # 点击客户列表菜单

D:\python_work\ElinkbuyPyautoTest\test_dir\test_offer.py:35: 
_ _ _ _ _ _ _ _ _ _ _ _ _ _ _ _ _ _ _ _ _ _ _ _ _ _ _ _ _ _ _ _ _ _ _ _ _ _ _ _
D:\python_work\ElinkbuyPyautoTest\test_dir\base.py:59: in customer_menu
    self.common.customer_menu.click()  # 点击客户管理菜单栏
Python38\lib\site-packages\poium\page_objects.py:234: in click
    elem.click()
Python38\lib\site-packages\selenium\webdriver\remote\webelement.py:80: in click
    self._execute(Command.CLICK_ELEMENT)
Python38\lib\site-packages\selenium\webdriver\remote\webelement.py:633: in _execute
    return self._parent.execute(command, params)
Python38\lib\site-packages\selenium\webdriver\remote\webdriver.py:321: in execute
    self.error_handler.check_response(response)
_ _ _ _ _ _ _ _ _ _ _ _ _ _ _ _ _ _ _ _ _ _ _ _ _ _ _ _ _ _ _ _ _ _ _ _ _ _ _ _

self = &lt;selenium.webdriver.remote.errorhandler.ErrorHandler object at 0x0000000003711820&gt;
response = {'status': 400, 'value': '{"value":{"error":"element click intercepted","message":"element click intercepted: Element ...x7611343D+18]\\n\\tRtlInitializeExceptionChain [0x770D9802+99]\\n\\tRtlInitializeExceptionChain [0x770D97D5+54]\\n"}}'}

    def check_response(self, response):
        """
        Checks that a JSON response from the WebDriver does not have an error.
    
        :Args:
         - response - The JSON response from the WebDriver server as a dictionary
           object.
    
        :Raises: If the response contains an error message.
        """
        status = response.get('status', None)
        if status is None or status == ErrorCode.SUCCESS:
            return
        value = None
        message = response.get("message", "")
        screen = response.get("screen", "")
        stacktrace = None
        if isinstance(status, int):
            value_json = response.get('value', None)
            if value_json and isinstance(value_json, basestring):
                import json
                try:
                    value = json.loads(value_json)
                    if len(value.keys()) == 1:
                        value = value['value']
                    status = value.get('error', None)
                    if status is None:
                        status = value["status"]
                        message = value["value"]
                        if not isinstance(message, basestring):
                            value = message
                            message = message.get('message')
                    else:
                        message = value.get('message', None)
                except ValueError:
                    pass
    
        exception_class = ErrorInResponseException
        if status in ErrorCode.NO_SUCH_ELEMENT:
            exception_class = NoSuchElementException
        elif status in ErrorCode.NO_SUCH_FRAME:
            exception_class = NoSuchFrameException
        elif status in ErrorCode.NO_SUCH_WINDOW:
            exception_class = NoSuchWindowException
        elif status in ErrorCode.STALE_ELEMENT_REFERENCE:
            exception_class = StaleElementReferenceException
        elif status in ErrorCode.ELEMENT_NOT_VISIBLE:
            exception_class = ElementNotVisibleException
        elif status in ErrorCode.INVALID_ELEMENT_STATE:
            exception_class = InvalidElementStateException
        elif status in ErrorCode.INVALID_SELECTOR \
                or status in ErrorCode.INVALID_XPATH_SELECTOR \
                or status in ErrorCode.INVALID_XPATH_SELECTOR_RETURN_TYPER:
            exception_class = InvalidSelectorException
        elif status in ErrorCode.ELEMENT_IS_NOT_SELECTABLE:
            exception_class = ElementNotSelectableException
        elif status in ErrorCode.ELEMENT_NOT_INTERACTABLE:
            exception_class = ElementNotInteractableException
        elif status in ErrorCode.INVALID_COOKIE_DOMAIN:
            exception_class = InvalidCookieDomainException
        elif status in ErrorCode.UNABLE_TO_SET_COOKIE:
            exception_class = UnableToSetCookieException
        elif status in ErrorCode.TIMEOUT:
            exception_class = TimeoutException
        elif status in ErrorCode.SCRIPT_TIMEOUT:
            exception_class = TimeoutException
        elif status in ErrorCode.UNKNOWN_ERROR:
            exception_class = WebDriverException
        elif status in ErrorCode.UNEXPECTED_ALERT_OPEN:
            exception_class = UnexpectedAlertPresentException
        elif status in ErrorCode.NO_ALERT_OPEN:
            exception_class = NoAlertPresentException
        elif status in ErrorCode.IME_NOT_AVAILABLE:
            exception_class = ImeNotAvailableException
        elif status in ErrorCode.IME_ENGINE_ACTIVATION_FAILED:
            exception_class = ImeActivationFailedException
        elif status in ErrorCode.MOVE_TARGET_OUT_OF_BOUNDS:
            exception_class = MoveTargetOutOfBoundsException
        elif status in ErrorCode.JAVASCRIPT_ERROR:
            exception_class = JavascriptException
        elif status in ErrorCode.SESSION_NOT_CREATED:
            exception_class = SessionNotCreatedException
        elif status in ErrorCode.INVALID_ARGUMENT:
            exception_class = InvalidArgumentException
        elif status in ErrorCode.NO_SUCH_COOKIE:
            exception_class = NoSuchCookieException
        elif status in ErrorCode.UNABLE_TO_CAPTURE_SCREEN:
            exception_class = ScreenshotException
        elif status in ErrorCode.ELEMENT_CLICK_INTERCEPTED:
            exception_class = ElementClickInterceptedException
        elif status in ErrorCode.INSECURE_CERTIFICATE:
            exception_class = InsecureCertificateException
        elif status in ErrorCode.INVALID_COORDINATES:
            exception_class = InvalidCoordinatesException
        elif status in ErrorCode.INVALID_SESSION_ID:
            exception_class = InvalidSessionIdException
        elif status in ErrorCode.UNKNOWN_METHOD:
            exception_class = UnknownMethodException
        else:
            exception_class = WebDriverException
        if value == '' or value is None:
            value = response['value']
        if isinstance(value, basestring):
            if exception_class == ErrorInResponseException:
                raise exception_class(response, value)
            raise exception_class(value)
        if message == "" and 'message' in value:
            message = value['message']
    
        screen = None
        if 'screen' in value:
            screen = value['screen']
    
        stacktrace = None
        if 'stackTrace' in value and value['stackTrace']:
            stacktrace = []
            try:
                for frame in value['stackTrace']:
                    line = self._value_or_default(frame, 'lineNumber', '')
                    file = self._value_or_default(frame, 'fileName', '&lt;anonymous&gt;')
                    if line:
                        file = "%s:%s" % (file, line)
                    meth = self._value_or_default(frame, 'methodName', '&lt;anonymous&gt;')
                    if 'className' in frame:
                        meth = "%s.%s" % (frame['className'], meth)
                    msg = "    at %s (%s)"
                    msg = msg % (meth, file)
                    stacktrace.append(msg)
            except TypeError:
                pass
        if exception_class == ErrorInResponseException:
            raise exception_class(response, message)
        elif exception_class == UnexpectedAlertPresentException:
            alert_text = None
            if 'data' in value:
                alert_text = value['data'].get('text')
            elif 'alert' in value:
                alert_text = value['alert'].get('text')
            raise exception_class(message, screen, stacktrace, alert_text)
&gt;       raise exception_class(message, screen, stacktrace)
E       selenium.common.exceptions.ElementClickInterceptedException: Message: element click intercepted: Element is not clickable at point (-125, 317)
E         (Session info: chrome=91.0.4472.114)

Python38\lib\site-packages\selenium\webdriver\remote\errorhandler.py:242: ElementClickInterceptedException</failure></testcase></testsuite></testsuites>