<?xml version="1.0" encoding="utf-8"?><testsuites><testsuite name="pytest" errors="0" failures="0" skipped="0" tests="1" time="26.250" timestamp="2021-07-22T14:00:35.991625" hostname="zyw"><testcase classname="test_dir.test_popup.TestPopup" name="test_wait_visit_case" time="26.140" /></testsuite></testsuites>