<?xml version="1.0" encoding="utf-8"?><testsuites><testsuite name="pytest" errors="0" failures="0" skipped="0" tests="1" time="46.877" timestamp="2021-08-03T09:17:46.609620" hostname="Win7-2019MNTZRK"><testcase classname="test_dir.test_offer.TestOffer" name="test_offer_show_case" time="46.722" /></testsuite></testsuites>