<?xml version="1.0" encoding="utf-8"?><testsuites><testsuite name="pytest" errors="0" failures="0" skipped="0" tests="4" time="33.932" timestamp="2021-07-20T13:54:32.290258" hostname="Win7-2019MNTZRK"><testcase classname="test_dir.test_login.TestLogin" name="test_login_case[data0]" time="10.135" /><testcase classname="test_dir.test_login.TestLogin" name="test_login_case[data1]" time="7.503" /><testcase classname="test_dir.test_login.TestLogin" name="test_login_case[data2]" time="7.585" /><testcase classname="test_dir.test_login.TestLogin" name="test_login_case[data3]" time="8.600" /></testsuite></testsuites>