<?xml version="1.0" encoding="utf-8"?><testsuites><testsuite name="pytest" errors="0" failures="0" skipped="0" tests="1" time="28.487" timestamp="2021-07-22T13:54:40.900625" hostname="zyw"><testcase classname="test_dir.test_popup.TestPopup" name="test_wait_visit_case" time="28.380" /></testsuite></testsuites>