<?xml version="1.0" encoding="utf-8"?><testsuites><testsuite name="pytest" errors="0" failures="0" skipped="0" tests="4" time="42.504" timestamp="2021-08-16T15:55:19.349000" hostname="Win7-2019MNTZRK"><testcase classname="test_dir.test_login.TestLogin" name="test_login_case[data0]" time="12.150" /><testcase classname="test_dir.test_login.TestLogin" name="test_login_case[data1]" time="9.516" /><testcase classname="test_dir.test_login.TestLogin" name="test_login_case[data2]" time="9.778" /><testcase classname="test_dir.test_login.TestLogin" name="test_login_case[data3]" time="10.907" /></testsuite></testsuites>