<?xml version="1.0" encoding="utf-8"?><testsuites><testsuite name="pytest" errors="0" failures="0" skipped="0" tests="1" time="34.094" timestamp="2021-07-26T16:08:09.568401" hostname="Win7-2019MNTZRK"><testcase classname="test_dir.test_popup.TestPopup" name="test_wait_visit_case" time="33.951" /></testsuite></testsuites>