<?xml version="1.0" encoding="utf-8"?><testsuites><testsuite name="pytest" errors="0" failures="0" skipped="0" tests="1" time="44.073" timestamp="2021-08-16T14:54:53.734000" hostname="Win7-2019MNTZRK"><testcase classname="test_dir.test_customer.TestCustomer" name="test_customer_list_case" time="43.910" /></testsuite></testsuites>