<?xml version="1.0" encoding="utf-8"?><testsuites><testsuite name="pytest" errors="0" failures="0" skipped="0" tests="3" time="85.200" timestamp="2021-08-16T15:56:55.247000" hostname="Win7-2019MNTZRK"><testcase classname="test_dir.test_popup.TestPopup" name="test_popup_show_case" time="24.592" /><testcase classname="test_dir.test_popup.TestPopup" name="test_wait_visit_case" time="24.967" /><testcase classname="test_dir.test_popup.TestPopup" name="test_wait_visit_quality_case" time="35.436" /></testsuite></testsuites>