<?xml version="1.0" encoding="utf-8"?><testsuites><testsuite name="pytest" errors="0" failures="0" skipped="0" tests="1" time="50.147" timestamp="2021-07-29T09:43:27.481400" hostname="Win7-2019MNTZRK"><testcase classname="test_dir.test_customer.TestCustomer" name="test_customer_list_case" time="49.991" /></testsuite></testsuites>