<?xml version="1.0" encoding="utf-8"?><testsuites><testsuite name="pytest" errors="0" failures="0" skipped="0" tests="1" time="33.735" timestamp="2021-07-27T11:28:31.518400" hostname="Win7-2019MNTZRK"><testcase classname="test_dir.test_popup.TestPopup" name="test_wait_visit_quality_case" time="33.577" /></testsuite></testsuites>