<?xml version="1.0" encoding="utf-8"?><testsuites><testsuite name="pytest" errors="0" failures="0" skipped="0" tests="1" time="38.965" timestamp="2021-08-02T11:27:16.101620" hostname="Win7-2019MNTZRK"><testcase classname="test_dir.test_customer.TestCustomer" name="test_customer_info_update_case" time="38.791" /></testsuite></testsuites>