<?xml version="1.0" encoding="utf-8"?><testsuites><testsuite name="pytest" errors="0" failures="0" skipped="0" tests="1" time="37.130" timestamp="2021-08-02T09:59:03.625620" hostname="Win7-2019MNTZRK"><testcase classname="test_dir.test_customer.TestCustomer" name="test_customer_info_update_case" time="36.963" /></testsuite></testsuites>