<?xml version="1.0" encoding="utf-8"?><testsuites><testsuite name="pytest" errors="0" failures="0" skipped="0" tests="2" time="86.423" timestamp="2021-07-27T15:50:56.366400" hostname="Win7-2019MNTZRK"><testcase classname="test_dir.test_popup.TestPopup" name="test_wait_visit_case" time="33.569" /><testcase classname="test_dir.test_popup.TestPopup" name="test_wait_visit_quality_case" time="49.742" /></testsuite></testsuites>