<?xml version="1.0" encoding="utf-8"?><testsuites><testsuite name="pytest" errors="0" failures="0" skipped="0" tests="4" time="42.168" timestamp="2021-07-27T16:07:53.727401" hostname="Win7-2019MNTZRK"><testcase classname="test_dir.test_login.TestLogin" name="test_login_case[data0]" time="12.223" /><testcase classname="test_dir.test_login.TestLogin" name="test_login_case[data1]" time="9.445" /><testcase classname="test_dir.test_login.TestLogin" name="test_login_case[data2]" time="9.774" /><testcase classname="test_dir.test_login.TestLogin" name="test_login_case[data3]" time="10.577" /></testsuite></testsuites>