<?xml version="1.0" encoding="utf-8"?><testsuites><testsuite name="pytest" errors="0" failures="0" skipped="0" tests="6" time="248.695" timestamp="2021-08-16T15:47:43.460000" hostname="Win7-2019MNTZRK"><testcase classname="test_dir.test_customer.TestCustomer" name="test_customer_list_case" time="43.797" /><testcase classname="test_dir.test_customer.TestCustomer" name="test_customer_rank_case[A]" time="43.726" /><testcase classname="test_dir.test_customer.TestCustomer" name="test_customer_rank_case[B]" time="52.531" /><testcase classname="test_dir.test_customer.TestCustomer" name="test_customer_rank_case[C]" time="38.786" /><testcase classname="test_dir.test_customer.TestCustomer" name="test_customer_rank_case[D]" time="38.037" /><testcase classname="test_dir.test_customer.TestCustomer" name="test_customer_info_update_case" time="31.601" /></testsuite></testsuites>