<?xml version="1.0" encoding="utf-8"?><testsuites><testsuite name="pytest" errors="0" failures="0" skipped="0" tests="1" time="38.359" timestamp="2021-08-03T16:37:53.866620" hostname="Win7-2019MNTZRK"><testcase classname="test_dir.test_customer_report.TestCustomerReport" name="test_report_case" time="38.195" /></testsuite></testsuites>