<?xml version="1.0" encoding="utf-8"?><testsuites><testsuite name="pytest" errors="0" failures="0" skipped="0" tests="1" time="40.699" timestamp="2021-08-03T15:26:34.929620" hostname="Win7-2019MNTZRK"><testcase classname="test_dir.test_customer_report.TestCustomerReport" name="test_report_case" time="40.531" /></testsuite></testsuites>